This is XeTeX, Version 3.141592653-2.6-0.999993 (TeX Live 2021/W32TeX) (preloaded format=xelatex 2021.9.5)  11 FEB 2022 11:06
entering extended mode
 restricted \write18 enabled.
 %&-line parsing enabled.
**acknowledgement.tex
(./acknowledgement.tex
LaTeX2e <2021-06-01> patch level 1
L3 programming layer <2021-08-27>

! LaTeX Error: Missing \begin{document}.

See the LaTeX manual or LaTeX Companion for explanation.
Type  H <return>  for immediate help.
 ...                                              
                                                  
l.5 س
     پاس‌گزاری%
You're in trouble here.  Try typing  <return>  to proceed.
If that doesn't work, type  X <return>  to quit.

Missing character: There is no س ("633) in font nullfont!
Missing character: There is no پ ("67E) in font nullfont!
Missing character: There is no ا ("627) in font nullfont!
Missing character: There is no س ("633) in font nullfont!
Missing character: There is no ‌ ("200C) in font nullfont!
Missing character: There is no گ ("6AF) in font nullfont!
Missing character: There is no ز ("632) in font nullfont!
Missing character: There is no ا ("627) in font nullfont!
Missing character: There is no ر ("631) in font nullfont!
Missing character: There is no ی ("6CC) in font nullfont!

Overfull \hbox (20.0pt too wide) in paragraph at lines 5--8
[] 
 []


! LaTeX Error: The font size command \normalsize is not defined:
               there is probably something wrong with the class file.

See the LaTeX manual or LaTeX Companion for explanation.
Type  H <return>  for immediate help.
 ...                                              
                                                  
l.34 \newpage
             \clearpage
Your command was ignored.
Type  I <command> <return>  to replace it with another command,
or  <return>  to continue without it.

[1]
! Undefined control sequence.
<argument> \undefinedpagestyle 
                               
l.36 \pagestyle{style2}
                       
The control sequence at the end of the top line
of your error message was never \def'ed. If you have
misspelled it (e.g., `\hobx'), type `I' and the correct
spelling (e.g., `I\hbox'). Otherwise just continue,
and I'll forget about whatever was undefined.

! Undefined control sequence.
l.39 \section
             *{\centering چکیده}
The control sequence at the end of the top line
of your error message was never \def'ed. If you have
misspelled it (e.g., `\hobx'), type `I' and the correct
spelling (e.g., `I\hbox'). Otherwise just continue,
and I'll forget about whatever was undefined.


! LaTeX Error: Missing \begin{document}.

See the LaTeX manual or LaTeX Companion for explanation.
Type  H <return>  for immediate help.
 ...                                              
                                                  
l.39 \section*
              {\centering چکیده}
You're in trouble here.  Try typing  <return>  to proceed.
If that doesn't work, type  X <return>  to quit.

Missing character: There is no * ("2A) in font nullfont!
Missing character: There is no چ ("686) in font nullfont!
Missing character: There is no ک ("6A9) in font nullfont!
Missing character: There is no ی ("6CC) in font nullfont!
Missing character: There is no د ("62F) in font nullfont!
Missing character: There is no ه ("647) in font nullfont!
! Undefined control sequence.
l.42 \ffa
         -abstract
The control sequence at the end of the top line
of your error message was never \def'ed. If you have
misspelled it (e.g., `\hobx'), type `I' and the correct
spelling (e.g., `I\hbox'). Otherwise just continue,
and I'll forget about whatever was undefined.

Missing character: There is no - ("2D) in font nullfont!
Missing character: There is no a ("61) in font nullfont!
Missing character: There is no b ("62) in font nullfont!
Missing character: There is no s ("73) in font nullfont!
Missing character: There is no t ("74) in font nullfont!
Missing character: There is no r ("72) in font nullfont!
Missing character: There is no a ("61) in font nullfont!
Missing character: There is no c ("63) in font nullfont!
Missing character: There is no t ("74) in font nullfont!

Overfull \hbox (20.0pt too wide) in paragraph at lines 39--44
[]
 []


! LaTeX Error: Missing \begin{document}.

See the LaTeX manual or LaTeX Companion for explanation.
Type  H <return>  for immediate help.
 ...                                              
                                                  
l.46 {\noindent
               \large\textbf{واژه‌های کلیدی:}}\par
You're in trouble here.  Try typing  <return>  to proceed.
If that doesn't work, type  X <return>  to quit.

! Undefined control sequence.
l.46 {\noindent\large
                     \textbf{واژه‌های کلیدی:}}\par
The control sequence at the end of the top line
of your error message was never \def'ed. If you have
misspelled it (e.g., `\hobx'), type `I' and the correct
spelling (e.g., `I\hbox'). Otherwise just continue,
and I'll forget about whatever was undefined.

Missing character: There is no و (U+0648) in font [lmroman10-bold]:mapping=tex-
text;!
Missing character: There is no ا (U+0627) in font [lmroman10-bold]:mapping=tex-
text;!
Missing character: There is no ژ (U+0698) in font [lmroman10-bold]:mapping=tex-
text;!
Missing character: There is no ه (U+0647) in font [lmroman10-bold]:mapping=tex-
text;!
Missing character: There is no ‌ (U+200C) in font [lmroman10-bold]:mapping=tex-
text;!
Missing character: There is no ه (U+0647) in font [lmroman10-bold]:mapping=tex-
text;!
Missing character: There is no ا (U+0627) in font [lmroman10-bold]:mapping=tex-
text;!
Missing character: There is no ی (U+06CC) in font [lmroman10-bold]:mapping=tex-
text;!
Missing character: There is no ک (U+06A9) in font [lmroman10-bold]:mapping=tex-
text;!
Missing character: There is no ل (U+0644) in font [lmroman10-bold]:mapping=tex-
text;!
Missing character: There is no ی (U+06CC) in font [lmroman10-bold]:mapping=tex-
text;!
Missing character: There is no د (U+062F) in font [lmroman10-bold]:mapping=tex-
text;!
Missing character: There is no ی (U+06CC) in font [lmroman10-bold]:mapping=tex-
text;!

Overfull \hbox (19.6pt too wide) in paragraph at lines 46--46
\TU/lmr/bx/n/10 واژه‌های
 []


Overfull \hbox (17.19pt too wide) in paragraph at lines 46--46
\TU/lmr/bx/n/10 کلیدی: 
 []

! Undefined control sequence.
l.48 \fkeywords
               
The control sequence at the end of the top line
of your error message was never \def'ed. If you have
misspelled it (e.g., `\hobx'), type `I' and the correct
spelling (e.g., `I\hbox'). Otherwise just continue,
and I'll forget about whatever was undefined.

)
! Emergency stop.
<*> acknowledgement.tex
                       
*** (job aborted, no legal \end found)

 
Here is how much of TeX's memory you used:
 23 strings out of 476533
 521 string characters out of 5821545
 299466 words of memory out of 5000000
 20515 multiletter control sequences out of 15000+600000
 403446 words of font info for 29 fonts, out of 8000000 for 9000
 1348 hyphenation exceptions out of 8191
 23i,5n,23p,106b,106s stack positions out of 5000i,500n,10000p,200000b,80000s
Output written on acknowledgement.pdf (1 page).
