\BOOKMARK [0][-]{section*.2}{\376\377\006\101\006\107\006\061\006\063\006\052\000\040\006\047\006\064\006\251\006\047\006\104}{}% 1
\BOOKMARK [0][-]{section*.3}{\376\377\006\101\006\107\006\061\006\063\006\052\000\040\006\054\006\057\006\047\006\110\006\104}{}% 2
\BOOKMARK [0][-]{chapter.1}{\376\377\006\105\006\102\006\057\006\105\006\107}{}% 3
\BOOKMARK [0][-]{chapter.2}{\376\377\006\105\006\047\006\064\006\314\006\106\000\040\006\052\006\110\006\061\006\314\006\106\006\257\000\040\006\071\006\065\006\050\006\314}{}% 4
\BOOKMARK [1][-]{section.2.1}{\376\377\006\063\006\047\006\056\006\052\006\047\006\061\000\040\006\110\000\040\006\105\006\055\006\047\006\063\006\050\006\047\006\052\000\040\006\105\006\047\006\064\006\314\006\106\000\040\006\052\006\110\006\061\006\314\006\106\006\257\000\040\006\071\006\065\006\050\006\314}{chapter.2}% 5
\BOOKMARK [1][-]{section.2.2}{\376\377\006\110\006\070\006\047\006\314\006\101\000\040\006\314\006\047\006\057\006\257\006\314\006\061\006\314\000\040\006\052\006\061\006\052\006\314\006\050\006\314\000\040\006\063\006\047\006\056\006\052\006\257\006\314}{chapter.2}% 6
\BOOKMARK [0][-]{chapter.3}{\376\377\006\047\006\101\006\062\006\110\006\106\006\107\040\014\006\107\006\047}{}% 7
\BOOKMARK [1][-]{section.3.1}{\376\377\006\105\006\047\006\064\006\314\006\106\000\040\006\052\006\110\006\061\006\314\006\106\006\257\000\040\006\071\006\065\006\050\006\314\000\040\006\052\006\251\006\047\006\105\006\104\006\314}{chapter.3}% 8
\BOOKMARK [1][-]{section.3.2}{\376\377\006\105\006\047\006\064\006\314\006\106\000\040\006\052\006\110\006\061\006\314\006\106\006\257\000\040\006\071\006\065\006\050\006\314\000\040\006\047\006\050\006\061\000\040\006\052\006\251\006\047\006\105\006\104\006\314}{chapter.3}% 9
\BOOKMARK [2][-]{subsection.3.2.1}{\376\377\006\047\006\050\006\061\000\040\006\052\006\251\006\047\006\105\006\104\000\040\006\071\006\065\006\050\006\314\000\040\006\052\006\110\006\176\006\110\006\104\006\110\006\230\006\314\040\014\006\107\006\047\006\314\000\040\006\052\006\102\006\110\006\314\006\052\040\014\006\251\006\106\006\106\006\057\006\107}{section.3.2}% 10
\BOOKMARK [2][-]{subsection.3.2.2}{\376\377\006\050\006\063\006\052\006\061\000\040\006\110\006\070\006\314\006\101\006\107\000\040\006\061\006\110\006\106\006\110\006\064\006\052\040\014\006\257\006\314\006\061\006\314}{section.3.2}% 11
\BOOKMARK [1][-]{section.3.3}{\376\377\006\105\006\047\006\064\006\314\006\106\000\040\006\052\006\110\006\061\006\314\006\106\006\257\000\040\006\071\006\065\006\050\006\314\000\040\006\105\006\052\006\110\006\054\006\107}{chapter.3}% 12
\BOOKMARK [1][-]{section.3.4}{\376\377\006\105\006\047\006\064\006\314\006\106\000\040\006\052\006\110\006\061\006\314\006\106\006\257\000\040\006\071\006\065\006\050\006\314\000\040\006\176\006\110\006\314\006\047}{chapter.3}% 13
\BOOKMARK [2][-]{subsection.3.4.1}{\376\377\006\105\006\071\006\105\006\047\006\061\006\314\000\040\006\105\006\047\006\064\006\314\006\106\000\040\006\052\006\110\006\061\006\314\006\106\006\257\000\040\006\071\006\065\006\050\006\314\000\040\006\176\006\110\006\314\006\047}{section.3.4}% 14
\BOOKMARK [2][-]{subsection.3.4.2}{\376\377\006\105\006\251\006\047\006\106\006\314\006\063\006\105\000\040\006\042\006\057\006\061\006\063\040\014\006\057\006\107\006\314}{section.3.4}% 15
\BOOKMARK [2][-]{subsection.3.4.3}{\376\377\006\042\006\105\006\110\006\062\006\064}{section.3.4}% 16
\BOOKMARK [0][-]{chapter.4}{\376\377\006\251\006\047\006\061\006\050\006\061\006\057\006\107\006\047\006\314\000\040\006\110\006\047\006\102\006\071\006\314}{}% 17
\BOOKMARK [1][-]{section.4.1}{\376\377\006\052\006\056\006\105\006\314\006\106\000\040\006\071\006\105\006\061\000\040\006\105\006\101\006\314\006\057\000\040\006\050\006\047\006\102\006\314\040\014\006\105\006\047\006\106\006\057\006\107}{chapter.4}% 18
\BOOKMARK [1][-]{section.4.2}{\376\377\006\057\006\063\006\052\006\107\040\014\006\050\006\106\006\057\006\314}{chapter.4}% 19
\BOOKMARK [1][-]{section.4.3}{\376\377\006\061\006\057\006\314\006\047\006\050\006\314\000\040\006\057\006\047\006\106\006\064}{chapter.4}% 20
\BOOKMARK [1][-]{section.4.4}{\376\377\006\176\006\047\006\063\006\056\000\040\006\057\006\110\006\061\006\107\040\014\006\047\006\314\000\040\006\050\006\107\000\040\006\063\006\110\006\047\006\104\006\047\006\052}{chapter.4}% 21
\BOOKMARK [1][-]{section.4.5}{\376\377\006\047\006\063\006\052\006\106\006\052\006\047\006\054\000\040\006\062\006\050\006\047\006\106\000\040\006\067\006\050\006\314\006\071\006\314}{chapter.4}% 22
\BOOKMARK [0][-]{chapter.5}{\376\377\006\106\006\052\006\047\006\314\006\054}{}% 23
\BOOKMARK [1][-]{section.5.1}{\376\377\006\052\006\056\006\105\006\314\006\106\000\040\006\071\006\105\006\061\000\040\006\105\006\101\006\314\006\057\000\040\006\050\006\047\006\102\006\314\040\014\006\105\006\047\006\106\006\057\006\107}{chapter.5}% 24
\BOOKMARK [1][-]{section.5.2}{\376\377\006\057\006\063\006\052\006\107\040\014\006\050\006\106\006\057\006\314}{chapter.5}% 25
\BOOKMARK [1][-]{section.5.3}{\376\377\006\061\006\057\006\314\006\047\006\050\006\314\000\040\006\057\006\047\006\106\006\064}{chapter.5}% 26
\BOOKMARK [0][-]{chapter.6}{\376\377\006\054\006\105\006\071\040\014\006\050\006\106\006\057\006\314}{}% 27
\BOOKMARK [0][-]{appendix*.4}{\376\377\006\105\006\106\006\047\006\050\006\071\000\040\006\110\000\040\006\105\006\061\006\047\006\054\006\071}{}% 28
\BOOKMARK [0][-]{appendix*.5}{\376\377\006\110\006\047\006\230\006\107\040\014\006\106\006\047\006\105\006\107\040\014\006\314\000\040\006\101\006\047\006\061\006\063\006\314\000\040\006\050\006\107\000\040\006\047\006\106\006\257\006\104\006\314\006\063\006\314}{}% 29
\BOOKMARK [0][-]{appendix*.6}{\376\377\006\110\006\047\006\230\006\107\040\014\006\106\006\047\006\105\006\107\040\014\006\314\000\040\006\047\006\106\006\257\006\104\006\314\006\063\006\314\000\040\006\050\006\107\000\040\006\101\006\047\006\061\006\063\006\314}{}% 30
