This is XeTeX, Version 3.141592653-2.6-0.999993 (TeX Live 2021/W32TeX) (preloaded format=xelatex 2021.9.5)  1 JUL 2022 22:42
entering extended mode
 restricted \write18 enabled.
 %&-line parsing enabled.
**chapter2.tex
(./chapter2.tex
LaTeX2e <2021-06-01> patch level 1
L3 programming layer <2021-08-27>
! Undefined control sequence.
l.1 \chapter
            {ماشین تورینگ عصبی}
The control sequence at the end of the top line
of your error message was never \def'ed. If you have
misspelled it (e.g., `\hobx'), type `I' and the correct
spelling (e.g., `I\hbox'). Otherwise just continue,
and I'll forget about whatever was undefined.


! LaTeX Error: Missing \begin{document}.

See the LaTeX manual or LaTeX Companion for explanation.
Type  H <return>  for immediate help.
 ...                                              
                                                  
l.1 \chapter{م
              اشین تورینگ عصبی}
You're in trouble here.  Try typing  <return>  to proceed.
If that doesn't work, type  X <return>  to quit.

Missing character: There is no م ("645) in font nullfont!
Missing character: There is no ا ("627) in font nullfont!
Missing character: There is no ش ("634) in font nullfont!
Missing character: There is no ی ("6CC) in font nullfont!
Missing character: There is no ن ("646) in font nullfont!
Missing character: There is no ت ("62A) in font nullfont!
Missing character: There is no و ("648) in font nullfont!
Missing character: There is no ر ("631) in font nullfont!
Missing character: There is no ی ("6CC) in font nullfont!
Missing character: There is no ن ("646) in font nullfont!
Missing character: There is no گ ("6AF) in font nullfont!
Missing character: There is no ع ("639) in font nullfont!
Missing character: There is no ص ("635) in font nullfont!
Missing character: There is no ب ("628) in font nullfont!
Missing character: There is no ی ("6CC) in font nullfont!
Missing character: There is no N ("4E) in font nullfont!
Missing character: There is no T ("54) in font nullfont!
Missing character: There is no M ("4D) in font nullfont!
Missing character: There is no ‌ ("200C) in font nullfont!
Missing character: There is no ش ("634) in font nullfont!
Missing character: There is no ا ("627) in font nullfont!
Missing character: There is no م ("645) in font nullfont!
Missing character: There is no ل ("644) in font nullfont!
Missing character: There is no د ("62F) in font nullfont!
Missing character: There is no و ("648) in font nullfont!
Missing character: There is no ج ("62C) in font nullfont!
Missing character: There is no ز ("632) in font nullfont!
Missing character: There is no ا ("627) in font nullfont!
Missing character: There is no س ("633) in font nullfont!
Missing character: There is no ت ("62A) in font nullfont!
Missing character: There is no : ("3A) in font nullfont!
! Undefined control sequence.
l.3 \ol
       
The control sequence at the end of the top line
of your error message was never \def'ed. If you have
misspelled it (e.g., `\hobx'), type `I' and the correct
spelling (e.g., `I\hbox'). Otherwise just continue,
and I'll forget about whatever was undefined.


Overfull \hbox (20.0pt too wide) in paragraph at lines 1--4
[]
 []


! LaTeX Error: Lonely \item--perhaps a missing list environment.

See the LaTeX manual or LaTeX Companion for explanation.
Type  H <return>  for immediate help.
 ...                                              
                                                  
l.4 \item ک
           نترل‌گر شبکه که می‌تواند یک شبکه‌عصبی جلورو یا یک شبکه عصبی بازگش...

Try typing  <return>  to proceed.
If that doesn't work, type  X <return>  to quit.

Missing character: There is no ک ("6A9) in font nullfont!
Missing character: There is no ن ("646) in font nullfont!
Missing character: There is no ت ("62A) in font nullfont!
Missing character: There is no ر ("631) in font nullfont!
Missing character: There is no ل ("644) in font nullfont!
Missing character: There is no ‌ ("200C) in font nullfont!
Missing character: There is no گ ("6AF) in font nullfont!
Missing character: There is no ر ("631) in font nullfont!
Missing character: There is no ش ("634) in font nullfont!
Missing character: There is no ب ("628) in font nullfont!
Missing character: There is no ک ("6A9) in font nullfont!
Missing character: There is no ه ("647) in font nullfont!
Missing character: There is no ک ("6A9) in font nullfont!
Missing character: There is no ه ("647) in font nullfont!
Missing character: There is no م ("645) in font nullfont!
Missing character: There is no ی ("6CC) in font nullfont!
Missing character: There is no ‌ ("200C) in font nullfont!
Missing character: There is no ت ("62A) in font nullfont!
Missing character: There is no و ("648) in font nullfont!
Missing character: There is no ا ("627) in font nullfont!
Missing character: There is no ن ("646) in font nullfont!
Missing character: There is no د ("62F) in font nullfont!
Missing character: There is no ی ("6CC) in font nullfont!
Missing character: There is no ک ("6A9) in font nullfont!
Missing character: There is no ش ("634) in font nullfont!
Missing character: There is no ب ("628) in font nullfont!
Missing character: There is no ک ("6A9) in font nullfont!
Missing character: There is no ه ("647) in font nullfont!
Missing character: There is no ‌ ("200C) in font nullfont!
Missing character: There is no ع ("639) in font nullfont!
Missing character: There is no ص ("635) in font nullfont!
Missing character: There is no ب ("628) in font nullfont!
Missing character: There is no ی ("6CC) in font nullfont!
Missing character: There is no ج ("62C) in font nullfont!
Missing character: There is no ل ("644) in font nullfont!
Missing character: There is no و ("648) in font nullfont!
Missing character: There is no ر ("631) in font nullfont!
Missing character: There is no و ("648) in font nullfont!
Missing character: There is no ی ("6CC) in font nullfont!
Missing character: There is no ا ("627) in font nullfont!
Missing character: There is no ی ("6CC) in font nullfont!
Missing character: There is no ک ("6A9) in font nullfont!
Missing character: There is no ش ("634) in font nullfont!
Missing character: There is no ب ("628) in font nullfont!
Missing character: There is no ک ("6A9) in font nullfont!
Missing character: There is no ه ("647) in font nullfont!
Missing character: There is no ع ("639) in font nullfont!
Missing character: There is no ص ("635) in font nullfont!
Missing character: There is no ب ("628) in font nullfont!
Missing character: There is no ی ("6CC) in font nullfont!
Missing character: There is no ب ("628) in font nullfont!
Missing character: There is no ا ("627) in font nullfont!
Missing character: There is no ز ("632) in font nullfont!
Missing character: There is no گ ("6AF) in font nullfont!
Missing character: There is no ش ("634) in font nullfont!
Missing character: There is no ت ("62A) in font nullfont!
Missing character: There is no ی ("6CC) in font nullfont!
Missing character: There is no ب ("628) in font nullfont!
Missing character: There is no ا ("627) in font nullfont!
Missing character: There is no ش ("634) in font nullfont!
Missing character: There is no د ("62F) in font nullfont!

! LaTeX Error: Lonely \item--perhaps a missing list environment.

See the LaTeX manual or LaTeX Companion for explanation.
Type  H <return>  for immediate help.
 ...                                              
                                                  
l.5 \item ی
           ک واحد حافظه خارجی که یک ماتریس حافظه N×W است. N تعداد واحد‌های ح...

Try typing  <return>  to proceed.
If that doesn't work, type  X <return>  to quit.

Missing character: There is no ی ("6CC) in font nullfont!
Missing character: There is no ک ("6A9) in font nullfont!
Missing character: There is no و ("648) in font nullfont!
Missing character: There is no ا ("627) in font nullfont!
Missing character: There is no ح ("62D) in font nullfont!
Missing character: There is no د ("62F) in font nullfont!
Missing character: There is no ح ("62D) in font nullfont!
Missing character: There is no ا ("627) in font nullfont!
Missing character: There is no ف ("641) in font nullfont!
Missing character: There is no ظ ("638) in font nullfont!
Missing character: There is no ه ("647) in font nullfont!
Missing character: There is no خ ("62E) in font nullfont!
Missing character: There is no ا ("627) in font nullfont!
Missing character: There is no ر ("631) in font nullfont!
Missing character: There is no ج ("62C) in font nullfont!
Missing character: There is no ی ("6CC) in font nullfont!
Missing character: There is no ک ("6A9) in font nullfont!
Missing character: There is no ه ("647) in font nullfont!
Missing character: There is no ی ("6CC) in font nullfont!
Missing character: There is no ک ("6A9) in font nullfont!
Missing character: There is no م ("645) in font nullfont!
Missing character: There is no ا ("627) in font nullfont!
Missing character: There is no ت ("62A) in font nullfont!
Missing character: There is no ر ("631) in font nullfont!
Missing character: There is no ی ("6CC) in font nullfont!
Missing character: There is no س ("633) in font nullfont!
Missing character: There is no ح ("62D) in font nullfont!
Missing character: There is no ا ("627) in font nullfont!
Missing character: There is no ف ("641) in font nullfont!
Missing character: There is no ظ ("638) in font nullfont!
Missing character: There is no ه ("647) in font nullfont!
Missing character: There is no N ("4E) in font nullfont!
Missing character: There is no × ("D7) in font nullfont!
Missing character: There is no W ("57) in font nullfont!
Missing character: There is no ا ("627) in font nullfont!
Missing character: There is no س ("633) in font nullfont!
Missing character: There is no ت ("62A) in font nullfont!
Missing character: There is no . ("2E) in font nullfont!
Missing character: There is no N ("4E) in font nullfont!
Missing character: There is no ت ("62A) in font nullfont!
Missing character: There is no ع ("639) in font nullfont!
Missing character: There is no د ("62F) in font nullfont!
Missing character: There is no ا ("627) in font nullfont!
Missing character: There is no د ("62F) in font nullfont!
Missing character: There is no و ("648) in font nullfont!
Missing character: There is no ا ("627) in font nullfont!
Missing character: There is no ح ("62D) in font nullfont!
Missing character: There is no د ("62F) in font nullfont!
Missing character: There is no ‌ ("200C) in font nullfont!
Missing character: There is no ه ("647) in font nullfont!
Missing character: There is no ا ("627) in font nullfont!
Missing character: There is no ی ("6CC) in font nullfont!
Missing character: There is no ح ("62D) in font nullfont!
Missing character: There is no ا ("627) in font nullfont!
Missing character: There is no ف ("641) in font nullfont!
Missing character: There is no ظ ("638) in font nullfont!
Missing character: There is no ه ("647) in font nullfont!
Missing character: There is no و ("648) in font nullfont!
Missing character: There is no W ("57) in font nullfont!
Missing character: There is no ا ("627) in font nullfont!
Missing character: There is no ب ("628) in font nullfont!
Missing character: There is no ع ("639) in font nullfont!
Missing character: There is no ا ("627) in font nullfont!
Missing character: There is no د ("62F) in font nullfont!
Missing character: There is no ه ("647) in font nullfont!
Missing character: There is no ر ("631) in font nullfont!
Missing character: There is no س ("633) in font nullfont!
Missing character: There is no ل ("644) in font nullfont!
Missing character: There is no و ("648) in font nullfont!
Missing character: There is no ل ("644) in font nullfont!
Missing character: There is no ح ("62D) in font nullfont!
Missing character: There is no ا ("627) in font nullfont!
Missing character: There is no ف ("641) in font nullfont!
Missing character: There is no ظ ("638) in font nullfont!
Missing character: There is no ه ("647) in font nullfont!
Missing character: There is no ر ("631) in font nullfont!
Missing character: There is no ا ("627) in font nullfont!
Missing character: There is no ن ("646) in font nullfont!
Missing character: There is no م ("645) in font nullfont!
Missing character: There is no ا ("627) in font nullfont!
Missing character: There is no ی ("6CC) in font nullfont!
Missing character: There is no ش ("634) in font nullfont!
Missing character: There is no م ("645) in font nullfont!
Missing character: There is no ی ("6CC) in font nullfont!
Missing character: There is no ‌ ("200C) in font nullfont!
Missing character: There is no د ("62F) in font nullfont!
Missing character: There is no ه ("647) in font nullfont!
Missing character: There is no د ("62F) in font nullfont!
Missing character: There is no . ("2E) in font nullfont!
Missing character: There is no ف ("641) in font nullfont!
Missing character: There is no ا ("627) in font nullfont!
Missing character: There is no ر ("631) in font nullfont!
Missing character: There is no غ ("63A) in font nullfont!
Missing character: There is no ا ("627) in font nullfont!
Missing character: There is no ز ("632) in font nullfont!
Missing character: There is no آ ("622) in font nullfont!
Missing character: There is no ن ("646) in font nullfont!
Missing character: There is no ک ("6A9) in font nullfont!
Missing character: There is no ه ("647) in font nullfont!
Missing character: There is no ک ("6A9) in font nullfont!
Missing character: There is no ن ("646) in font nullfont!
Missing character: There is no ت ("62A) in font nullfont!
Missing character: There is no ر ("631) in font nullfont!
Missing character: There is no ل ("644) in font nullfont!
Missing character: There is no ‌ ("200C) in font nullfont!
Missing character: There is no گ ("6AF) in font nullfont!
Missing character: There is no ر ("631) in font nullfont!
Missing character: There is no ب ("628) in font nullfont!
Missing character: There is no ا ("627) in font nullfont!
Missing character: There is no ز ("632) in font nullfont!
Missing character: There is no گ ("6AF) in font nullfont!
Missing character: There is no ش ("634) in font nullfont!
Missing character: There is no ت ("62A) in font nullfont!
Missing character: There is no ی ("6CC) in font nullfont!
Missing character: There is no ب ("628) in font nullfont!
Missing character: There is no ا ("627) in font nullfont!
Missing character: There is no ش ("634) in font nullfont!
Missing character: There is no د ("62F) in font nullfont!
Missing character: There is no ی ("6CC) in font nullfont!
Missing character: There is no ا ("627) in font nullfont!
Missing character: There is no خ ("62E) in font nullfont!
Missing character: There is no ی ("6CC) in font nullfont!
Missing character: There is no ر ("631) in font nullfont!
Missing character: There is no ، ("60C) in font nullfont!
Missing character: There is no ک ("6A9) in font nullfont!
Missing character: There is no ل ("644) in font nullfont!
Missing character: There is no م ("645) in font nullfont!
Missing character: There is no ع ("639) in font nullfont!
Missing character: There is no م ("645) in font nullfont!
Missing character: There is no ا ("627) in font nullfont!
Missing character: There is no ر ("631) in font nullfont!
Missing character: There is no ی ("6CC) in font nullfont!
Missing character: There is no ب ("628) in font nullfont!
Missing character: There is no ا ("627) in font nullfont!
Missing character: There is no ز ("632) in font nullfont!
Missing character: There is no گ ("6AF) in font nullfont!
Missing character: There is no ش ("634) in font nullfont!
Missing character: There is no ت ("62A) in font nullfont!
Missing character: There is no ی ("6CC) in font nullfont!
Missing character: There is no م ("645) in font nullfont!
Missing character: There is no ح ("62D) in font nullfont!
Missing character: There is no س ("633) in font nullfont!
Missing character: There is no و ("648) in font nullfont!
Missing character: There is no ب ("628) in font nullfont!
Missing character: There is no م ("645) in font nullfont!
Missing character: There is no ی ("6CC) in font nullfont!
Missing character: There is no ‌ ("200C) in font nullfont!
Missing character: There is no ش ("634) in font nullfont!
Missing character: There is no و ("648) in font nullfont!
Missing character: There is no د ("62F) in font nullfont!
Missing character: There is no چ ("686) in font nullfont!
Missing character: There is no ر ("631) in font nullfont!
Missing character: There is no ا ("627) in font nullfont!
Missing character: There is no ک ("6A9) in font nullfont!
Missing character: There is no ه ("647) in font nullfont!
Missing character: There is no م ("645) in font nullfont!
Missing character: There is no ا ("627) in font nullfont!
Missing character: There is no ت ("62A) in font nullfont!
Missing character: There is no ر ("631) in font nullfont!
Missing character: There is no ی ("6CC) in font nullfont!
Missing character: There is no س ("633) in font nullfont!
Missing character: There is no ح ("62D) in font nullfont!
Missing character: There is no ا ("627) in font nullfont!
Missing character: There is no ف ("641) in font nullfont!
Missing character: There is no ظ ("638) in font nullfont!
Missing character: There is no ه ("647) in font nullfont!
Missing character: There is no د ("62F) in font nullfont!
Missing character: There is no ر ("631) in font nullfont!
Missing character: There is no ط ("637) in font nullfont!
Missing character: There is no و ("648) in font nullfont!
Missing character: There is no ل ("644) in font nullfont!
Missing character: There is no ز ("632) in font nullfont!
Missing character: There is no م ("645) in font nullfont!
Missing character: There is no ا ("627) in font nullfont!
Missing character: There is no ن ("646) in font nullfont!
Missing character: There is no ن ("646) in font nullfont!
Missing character: There is no گ ("6AF) in font nullfont!
Missing character: There is no ه ("647) in font nullfont!
Missing character: There is no د ("62F) in font nullfont!
Missing character: There is no ا ("627) in font nullfont!
Missing character: There is no ر ("631) in font nullfont!
Missing character: There is no ی ("6CC) in font nullfont!
Missing character: There is no م ("645) in font nullfont!
Missing character: There is no ی ("6CC) in font nullfont!
Missing character: There is no ‌ ("200C) in font nullfont!
Missing character: There is no ش ("634) in font nullfont!
Missing character: There is no و ("648) in font nullfont!
Missing character: There is no د ("62F) in font nullfont!
Missing character: There is no . ("2E) in font nullfont!

Overfull \hbox (20.0pt too wide) in paragraph at lines 8--9
[]
 []

Missing character: There is no ک ("6A9) in font nullfont!
Missing character: There is no ن ("646) in font nullfont!
Missing character: There is no ت ("62A) in font nullfont!
Missing character: There is no ر ("631) in font nullfont!
Missing character: There is no ل ("644) in font nullfont!
Missing character: There is no ‌ ("200C) in font nullfont!
Missing character: There is no گ ("6AF) in font nullfont!
Missing character: There is no ر ("631) in font nullfont!
Missing character: There is no س ("633) in font nullfont!
Missing character: There is no ر ("631) in font nullfont!
Missing character: There is no ه ("647) in font nullfont!
Missing character: There is no ا ("627) in font nullfont!
Missing character: There is no ی ("6CC) in font nullfont!
Missing character: There is no خ ("62E) in font nullfont!
Missing character: There is no و ("648) in font nullfont!
Missing character: There is no ا ("627) in font nullfont!
Missing character: There is no ن ("646) in font nullfont!
Missing character: There is no د ("62F) in font nullfont!
Missing character: There is no ه ("647) in font nullfont!
Missing character: There is no و ("648) in font nullfont!
Missing character: There is no ن ("646) in font nullfont!
Missing character: There is no و ("648) in font nullfont!
Missing character: There is no ش ("634) in font nullfont!
Missing character: There is no ت ("62A) in font nullfont!
Missing character: There is no ن ("646) in font nullfont!
Missing character: There is no د ("62F) in font nullfont!
Missing character: There is no ا ("627) in font nullfont!
Missing character: There is no ر ("631) in font nullfont!
Missing character: There is no د ("62F) in font nullfont!
Missing character: There is no ک ("6A9) in font nullfont!
Missing character: There is no ه ("647) in font nullfont!
Missing character: There is no ب ("628) in font nullfont!
Missing character: There is no ه ("647) in font nullfont!
Missing character: There is no م ("645) in font nullfont!
Missing character: There is no ا ("627) in font nullfont!
Missing character: There is no ت ("62A) in font nullfont!
Missing character: There is no ر ("631) in font nullfont!
Missing character: There is no ی ("6CC) in font nullfont!
Missing character: There is no س ("633) in font nullfont!
Missing character: There is no ح ("62D) in font nullfont!
Missing character: There is no ا ("627) in font nullfont!
Missing character: There is no ف ("641) in font nullfont!
Missing character: There is no ظ ("638) in font nullfont!
Missing character: There is no ه ("647) in font nullfont!
Missing character: There is no د ("62F) in font nullfont!
Missing character: There is no س ("633) in font nullfont!
Missing character: There is no ت ("62A) in font nullfont!
Missing character: There is no ر ("631) in font nullfont!
Missing character: There is no س ("633) in font nullfont!
Missing character: There is no ی ("6CC) in font nullfont!
Missing character: There is no د ("62F) in font nullfont!
Missing character: There is no ا ("627) in font nullfont!
Missing character: There is no ر ("631) in font nullfont!
Missing character: There is no د ("62F) in font nullfont!
Missing character: There is no . ("2E) in font nullfont!
Missing character: There is no ت ("62A) in font nullfont!
Missing character: There is no ا ("627) in font nullfont!
Missing character: There is no ث ("62B) in font nullfont!
Missing character: There is no ی ("6CC) in font nullfont!
Missing character: There is no ر ("631) in font nullfont!
Missing character: There is no ی ("6CC) in font nullfont!
Missing character: There is no ک ("6A9) in font nullfont!
Missing character: There is no ع ("639) in font nullfont!
Missing character: There is no م ("645) in font nullfont!
Missing character: There is no ل ("644) in font nullfont!
Missing character: There is no خ ("62E) in font nullfont!
Missing character: There is no و ("648) in font nullfont!
Missing character: There is no ا ("627) in font nullfont!
Missing character: There is no ن ("646) in font nullfont!
Missing character: There is no د ("62F) in font nullfont!
Missing character: There is no ن ("646) in font nullfont!
Missing character: There is no ی ("6CC) in font nullfont!
Missing character: There is no ا ("627) in font nullfont!
Missing character: There is no ن ("646) in font nullfont!
Missing character: There is no و ("648) in font nullfont!
Missing character: There is no ش ("634) in font nullfont!
Missing character: There is no ت ("62A) in font nullfont!
Missing character: There is no ن ("646) in font nullfont!
Missing character: There is no ر ("631) in font nullfont!
Missing character: There is no و ("648) in font nullfont!
Missing character: There is no ی ("6CC) in font nullfont!
Missing character: There is no ی ("6CC) in font nullfont!
Missing character: There is no ک ("6A9) in font nullfont!
Missing character: There is no س ("633) in font nullfont!
Missing character: There is no ل ("644) in font nullfont!
Missing character: There is no و ("648) in font nullfont!
Missing character: There is no ل ("644) in font nullfont!
Missing character: There is no ح ("62D) in font nullfont!
Missing character: There is no ا ("627) in font nullfont!
Missing character: There is no ف ("641) in font nullfont!
Missing character: There is no ظ ("638) in font nullfont!
Missing character: There is no ه ("647) in font nullfont!
Missing character: There is no خ ("62E) in font nullfont!
Missing character: There is no ا ("627) in font nullfont!
Missing character: There is no ص ("635) in font nullfont!
Missing character: There is no ب ("628) in font nullfont!
Missing character: There is no ا ("627) in font nullfont!
Missing character: There is no م ("645) in font nullfont!
Missing character: There is no ک ("6A9) in font nullfont!
Missing character: There is no ا ("627) in font nullfont!
Missing character: There is no ن ("646) in font nullfont!
Missing character: There is no ی ("6CC) in font nullfont!
Missing character: There is no س ("633) in font nullfont!
Missing character: There is no م ("645) in font nullfont!
Missing character: There is no ت ("62A) in font nullfont!
Missing character: There is no و ("648) in font nullfont!
Missing character: There is no ج ("62C) in font nullfont!
Missing character: There is no ه ("647) in font nullfont!
Missing character: There is no ن ("646) in font nullfont!
Missing character: There is no ر ("631) in font nullfont!
Missing character: There is no م ("645) in font nullfont!
Missing character: There is no ( ("28) in font nullfont!
Missing character: There is no S ("53) in font nullfont!
Missing character: There is no o ("6F) in font nullfont!
Missing character: There is no f ("66) in font nullfont!
Missing character: There is no t ("74) in font nullfont!
Missing character: There is no A ("41) in font nullfont!
Missing character: There is no t ("74) in font nullfont!
Missing character: There is no t ("74) in font nullfont!
Missing character: There is no e ("65) in font nullfont!
Missing character: There is no n ("6E) in font nullfont!
Missing character: There is no t ("74) in font nullfont!
Missing character: There is no i ("69) in font nullfont!
Missing character: There is no o ("6F) in font nullfont!
Missing character: There is no n ("6E) in font nullfont!
Missing character: There is no M ("4D) in font nullfont!
Missing character: There is no e ("65) in font nullfont!
Missing character: There is no c ("63) in font nullfont!
Missing character: There is no h ("68) in font nullfont!
Missing character: There is no a ("61) in font nullfont!
Missing character: There is no n ("6E) in font nullfont!
Missing character: There is no i ("69) in font nullfont!
Missing character: There is no s ("73) in font nullfont!
Missing character: There is no m ("6D) in font nullfont!
Missing character: There is no ) ("29) in font nullfont!
Missing character: There is no و ("648) in font nullfont!
Missing character: There is no ز ("632) in font nullfont!
Missing character: There is no ن ("646) in font nullfont!
Missing character: There is no ‌ ("200C) in font nullfont!
Missing character: There is no د ("62F) in font nullfont!
Missing character: There is no ه ("647) in font nullfont!
Missing character: There is no ی ("6CC) in font nullfont!
Missing character: There is no م ("645) in font nullfont!
Missing character: There is no ی ("6CC) in font nullfont!
Missing character: There is no ‌ ("200C) in font nullfont!
Missing character: There is no ش ("634) in font nullfont!
Missing character: There is no و ("648) in font nullfont!
Missing character: There is no د ("62F) in font nullfont!
Missing character: There is no . ("2E) in font nullfont!
Missing character: There is no ا ("627) in font nullfont!
Missing character: There is no ی ("6CC) in font nullfont!
Missing character: There is no ن ("646) in font nullfont!
Missing character: There is no م ("645) in font nullfont!
Missing character: There is no ک ("6A9) in font nullfont!
Missing character: There is no ا ("627) in font nullfont!
Missing character: There is no ن ("646) in font nullfont!
Missing character: There is no ی ("6CC) in font nullfont!
Missing character: There is no س ("633) in font nullfont!
Missing character: There is no م ("645) in font nullfont!
Missing character: There is no آ ("622) in font nullfont!
Missing character: There is no د ("62F) in font nullfont!
Missing character: There is no ر ("631) in font nullfont!
Missing character: There is no س ("633) in font nullfont!
Missing character: There is no ‌ ("200C) in font nullfont!
Missing character: There is no د ("62F) in font nullfont!
Missing character: There is no ه ("647) in font nullfont!
Missing character: There is no ی ("6CC) in font nullfont!
Missing character: There is no م ("645) in font nullfont!
Missing character: There is no ش ("634) in font nullfont!
Missing character: There is no ا ("627) in font nullfont!
Missing character: There is no ب ("628) in font nullfont!
Missing character: There is no ه ("647) in font nullfont!
Missing character: There is no م ("645) in font nullfont!
Missing character: There is no ک ("6A9) in font nullfont!
Missing character: There is no ا ("627) in font nullfont!
Missing character: There is no ن ("646) in font nullfont!
Missing character: There is no ی ("6CC) in font nullfont!
Missing character: There is no س ("633) in font nullfont!
Missing character: There is no م ("645) in font nullfont!
Missing character: There is no ت ("62A) in font nullfont!
Missing character: There is no و ("648) in font nullfont!
Missing character: There is no ج ("62C) in font nullfont!
Missing character: There is no ه ("647) in font nullfont!
Missing character: There is no ا ("627) in font nullfont!
Missing character: There is no س ("633) in font nullfont!
Missing character: There is no ت ("62A) in font nullfont!
Missing character: There is no ف ("641) in font nullfont!
Missing character: There is no ا ("627) in font nullfont!
Missing character: There is no د ("62F) in font nullfont!
Missing character: There is no ه ("647) in font nullfont!
Missing character: There is no ‌ ("200C) in font nullfont!
Missing character: There is no ش ("634) in font nullfont!
Missing character: There is no د ("62F) in font nullfont!
Missing character: There is no ه ("647) in font nullfont!
Missing character: There is no د ("62F) in font nullfont!
Missing character: There is no ر ("631) in font nullfont!
Missing character: There is no ی ("6CC) in font nullfont!
Missing character: There is no ا ("627) in font nullfont!
Missing character: There is no د ("62F) in font nullfont!
Missing character: There is no گ ("6AF) in font nullfont!
Missing character: There is no ی ("6CC) in font nullfont!
Missing character: There is no ر ("631) in font nullfont!
Missing character: There is no ی ("6CC) in font nullfont!
Missing character: There is no م ("645) in font nullfont!
Missing character: There is no ا ("627) in font nullfont!
Missing character: There is no ش ("634) in font nullfont!
Missing character: There is no ی ("6CC) in font nullfont!
Missing character: There is no ن ("646) in font nullfont!
Missing character: There is no ع ("639) in font nullfont!
Missing character: There is no ص ("635) in font nullfont!
Missing character: There is no ب ("628) in font nullfont!
Missing character: There is no ی ("6CC) in font nullfont!
Missing character: There is no ا ("627) in font nullfont!
Missing character: There is no س ("633) in font nullfont!
Missing character: There is no ت ("62A) in font nullfont!
Missing character: There is no ب ("628) in font nullfont!
Missing character: There is no ه ("647) in font nullfont!
Missing character: There is no ج ("62C) in font nullfont!
Missing character: There is no ز ("632) in font nullfont!
Missing character: There is no آ ("622) in font nullfont!
Missing character: There is no ن ("646) in font nullfont!
Missing character: There is no ک ("6A9) in font nullfont!
Missing character: There is no ه ("647) in font nullfont!
Missing character: There is no آ ("622) in font nullfont!
Missing character: There is no د ("62F) in font nullfont!
Missing character: There is no ر ("631) in font nullfont!
Missing character: There is no س ("633) in font nullfont!
Missing character: There is no ‌ ("200C) in font nullfont!
Missing character: There is no د ("62F) in font nullfont!
Missing character: There is no ه ("647) in font nullfont!
Missing character: There is no ی ("6CC) in font nullfont!
Missing character: There is no و ("648) in font nullfont!
Missing character: There is no ا ("627) in font nullfont!
Missing character: There is no ب ("628) in font nullfont!
Missing character: There is no س ("633) in font nullfont!
Missing character: There is no ت ("62A) in font nullfont!
Missing character: There is no ه ("647) in font nullfont!
Missing character: There is no ب ("628) in font nullfont!
Missing character: There is no ه ("647) in font nullfont!
Missing character: There is no م ("645) in font nullfont!
Missing character: There is no و ("648) in font nullfont!
Missing character: There is no ق ("642) in font nullfont!
Missing character: There is no ع ("639) in font nullfont!
Missing character: There is no ی ("6CC) in font nullfont!
Missing character: There is no ت ("62A) in font nullfont!
Missing character: There is no ر ("631) in font nullfont!
Missing character: There is no ا ("627) in font nullfont!
Missing character: There is no ب ("628) in font nullfont!
Missing character: There is no ا ("627) in font nullfont!
Missing character: There is no آ ("622) in font nullfont!
Missing character: There is no د ("62F) in font nullfont!
Missing character: There is no ر ("631) in font nullfont!
Missing character: There is no س ("633) in font nullfont!
Missing character: There is no ‌ ("200C) in font nullfont!
Missing character: There is no د ("62F) in font nullfont!
Missing character: There is no ه ("647) in font nullfont!
Missing character: There is no ی ("6CC) in font nullfont!
Missing character: There is no و ("648) in font nullfont!
Missing character: There is no ا ("627) in font nullfont!
Missing character: There is no ب ("628) in font nullfont!
Missing character: There is no س ("633) in font nullfont!
Missing character: There is no ت ("62A) in font nullfont!
Missing character: There is no ه ("647) in font nullfont!
Missing character: There is no ب ("628) in font nullfont!
Missing character: There is no ه ("647) in font nullfont!
Missing character: There is no م ("645) in font nullfont!
Missing character: There is no ح ("62D) in font nullfont!
Missing character: There is no ت ("62A) in font nullfont!
Missing character: There is no و ("648) in font nullfont!
Missing character: There is no ا ("627) in font nullfont!
Missing character: There is no ی ("6CC) in font nullfont!
Missing character: There is no م ("645) in font nullfont!
Missing character: There is no و ("648) in font nullfont!
Missing character: There is no ج ("62C) in font nullfont!
Missing character: There is no و ("648) in font nullfont!
Missing character: There is no د ("62F) in font nullfont!
Missing character: There is no د ("62F) in font nullfont!
Missing character: There is no ر ("631) in font nullfont!
Missing character: There is no م ("645) in font nullfont!
Missing character: There is no ک ("6A9) in font nullfont!
Missing character: There is no ا ("627) in font nullfont!
Missing character: There is no ن ("646) in font nullfont!
Missing character: There is no ی ("6CC) in font nullfont!
Missing character: There is no س ("633) in font nullfont!
Missing character: There is no م ("645) in font nullfont!
Missing character: There is no ت ("62A) in font nullfont!
Missing character: There is no و ("648) in font nullfont!
Missing character: There is no ج ("62C) in font nullfont!
Missing character: There is no ه ("647) in font nullfont!
Missing character: There is no ر ("631) in font nullfont!
Missing character: There is no ا ("627) in font nullfont!
Missing character: There is no ت ("62A) in font nullfont!
Missing character: There is no ر ("631) in font nullfont!
Missing character: There is no ک ("6A9) in font nullfont!
Missing character: There is no ی ("6CC) in font nullfont!
Missing character: There is no ب ("628) in font nullfont!
Missing character: There is no م ("645) in font nullfont!
Missing character: There is no ی ("6CC) in font nullfont!
Missing character: There is no ‌ ("200C) in font nullfont!
Missing character: There is no ک ("6A9) in font nullfont!
Missing character: There is no ن ("646) in font nullfont!
Missing character: There is no د ("62F) in font nullfont!
Missing character: There is no . ("2E) in font nullfont!

Overfull \hbox (20.0pt too wide) in paragraph at lines 10--11
[]
 []

)
! Emergency stop.
<*> chapter2.tex
                
*** (job aborted, no legal \end found)

 
Here is how much of TeX's memory you used:
 15 strings out of 476533
 301 string characters out of 5821545
 299466 words of memory out of 5000000
 20512 multiletter control sequences out of 15000+600000
 403430 words of font info for 27 fonts, out of 8000000 for 9000
 1348 hyphenation exceptions out of 8191
 13i,1n,12p,412b,21s stack positions out of 5000i,500n,10000p,200000b,80000s
No pages of output.
